
> waggin-meals@0.1.0 build
> next build

   ▲ Next.js 15.5.6
   - Environments: .env.local

   Creating an optimized production build ...
Failed to compile.

./app/proteins/beef/page.tsx
Error:   [31mx[0m Unexpected token. Did you mean `{'>'}` or `&gt;`?
     ,-[[36;1;4m/mnt/c/waggin-meals/app/proteins/beef/page.tsx[0m:325:1]
 [2m322[0m |                   </li>
 [2m323[0m |                   <li className="flex items-start gap-2">
 [2m324[0m |                     <span className="text-[#C97B63]">•</span>
 [2m325[0m |                     <span>High-fat ground beef (>20% fat)</span>
     : [35;1m                                                ^[0m
 [2m326[0m |                   </li>
 [2m327[0m |                   <li className="flex items-start gap-2">
 [2m328[0m |                     <span className="text-[#C97B63]">•</span>
     `----

Caused by:
    Syntax Error

Import trace for requested module:
./app/proteins/beef/page.tsx


> Build failed because of webpack errors

> waggin-meals@0.1.0 build
> next build

   ▲ Next.js 15.5.6
   - Environments: .env.local

   Creating an optimized production build ...
<w> [webpack.cache.PackFileCacheStrategy] Serializing big strings (118kiB) impacts deserialization performance (consider using Buffer instead and decode when needed)
 ⚠ Compiled with warnings in 7.1s

./node_modules/@supabase/realtime-js/dist/module/lib/websocket-factory.js
A Node.js API is used (process.versions at line: 32) which is not supported in the Edge Runtime.
Learn more: https://nextjs.org/docs/api-reference/edge-runtime

Import trace for requested module:
./node_modules/@supabase/realtime-js/dist/module/lib/websocket-factory.js
./node_modules/@supabase/realtime-js/dist/module/index.js
./node_modules/@supabase/supabase-js/dist/module/index.js
./node_modules/@supabase/ssr/dist/module/createServerClient.js
./node_modules/@supabase/ssr/dist/module/index.js
./lib/supabase/middleware.ts

./node_modules/@supabase/supabase-js/dist/module/index.js
A Node.js API is used (process.version at line: 24) which is not supported in the Edge Runtime.
Learn more: https://nextjs.org/docs/api-reference/edge-runtime

Import trace for requested module:
./node_modules/@supabase/supabase-js/dist/module/index.js
./node_modules/@supabase/ssr/dist/module/createServerClient.js
./node_modules/@supabase/ssr/dist/module/index.js
./lib/supabase/middleware.ts



Retrying 1/3...
 ✓ Compiled successfully in 95s
   Linting and checking validity of types ...
Failed to compile.

./data/enhanced-products.ts:592:23
Type error: ',' expected.

[0m [90m 590 |[39m         [32m'Dogs with sensitive stomachs'[39m[33m,[39m
 [90m 591 |[39m         [32m'Building and maintaining muscle mass'[39m[33m,[39m
[31m[1m>[22m[39m[90m 592 |[39m         [32m'Dogs who don'[39mt tolerate high[33m-[39mfiber diets[32m',[39m
 [90m     |[39m                       [31m[1m^[22m[39m
 [90m 593 |[39m         [32m'Working dogs and sporting breeds'[39m[33m,[39m
 [90m 594 |[39m         [32m'Everyday feeding for healthy, active dogs'[39m
 [90m 595 |[39m       ][0m
Next.js build worker exited with code: 1 and signal: null
